<?xml version="1.0" encoding="UTF-8"?>
<!-- Generated by org.testng.reporters.JUnitXMLReporter -->
<testsuite ignored="0" hostname="AMRISH" failures="0" tests="3" name="test" time="7.25" errors="0" timestamp="2023-12-26T15:03:57 IST">
  <testcase classname="org.testCases.tc001_loginPage" name="testcase" time="0.44"/>
  <testcase classname="org.testCases.tc001_loginPage" name="testcase" time="0.512"/>
  <testcase classname="org.testCases.tc001_loginPage" name="testcase" time="0.524"/>
</testsuite> <!-- test -->
