<?xml version="1.0" encoding="UTF-8"?>
<testng-results ignored="0" total="1" passed="1" failed="0" skipped="0">
  <reporter-output>
  </reporter-output>
  <suite started-at="2023-12-07T15:35:44 IST" name="Suite" finished-at="2023-12-07T15:36:01 IST" duration-ms="16666">
    <groups>
    </groups>
    <test started-at="2023-12-07T15:35:44 IST" name="Test" finished-at="2023-12-07T15:36:01 IST" duration-ms="16666">
      <class name="TestCases.Login_TestCase">
        <test-method is-config="true" signature="launch()[pri:0, instance:TestCases.Login_TestCase@76b1e9b8]" started-at="2023-12-07T15:35:44 IST" name="launch" finished-at="2023-12-07T15:35:54 IST" duration-ms="10449" status="PASS">
          <reporter-output>
          </reporter-output>
        </test-method> <!-- launch -->
        <test-method signature="login_Test([Ljava.lang.String;)[pri:0, instance:TestCases.Login_TestCase@76b1e9b8]" started-at="2023-12-07T15:35:54 IST" name="login_Test" data-provider="tdata" finished-at="2023-12-07T15:36:00 IST" duration-ms="5495" status="PASS">
          <params>
            <param index="0">
              <value>
                <![CDATA[[Ljava.lang.String;@213bd3d5]]>
              </value>
            </param>
          </params>
          <reporter-output>
          </reporter-output>
        </test-method> <!-- login_Test -->
        <test-method is-config="true" signature="close()[pri:0, instance:TestCases.Login_TestCase@76b1e9b8]" started-at="2023-12-07T15:36:00 IST" name="close" finished-at="2023-12-07T15:36:01 IST" duration-ms="651" status="PASS">
          <reporter-output>
          </reporter-output>
        </test-method> <!-- close -->
      </class> <!-- TestCases.Login_TestCase -->
    </test> <!-- Test -->
  </suite> <!-- Suite -->
</testng-results>
